0 verbose cli /Users/laerciorios/.local/share/fnm/node-versions/v22.22.1/installation/bin/node /Users/laerciorios/.local/state/fnm_multishells/94936_1773347707709/bin/npm
1 info using npm@10.9.4
2 info using node@v22.22.1
3 silly config load:file:/Users/laerciorios/.local/share/fnm/node-versions/v22.22.1/installation/lib/node_modules/npm/npmrc
4 silly config load:file:/Users/laerciorios/Projects/personal/cv-generator/.npmrc
5 silly config load:file:/Users/laerciorios/.npmrc
6 silly config load:file:/Users/laerciorios/.local/share/fnm/node-versions/v22.22.1/installation/etc/npmrc
7 verbose title npm install @types/pdfmake prettier prettier-plugin-tailwindcss
8 verbose argv "install" "--save-dev" "@types/pdfmake" "prettier" "prettier-plugin-tailwindcss" "--cache" ".npm-cache"
9 verbose logfile logs-max:10 dir:/Users/laerciorios/Projects/personal/cv-generator/.npm-cache/_logs/2026-03-12T20_40_29_179Z-
10 verbose logfile /Users/laerciorios/Projects/personal/cv-generator/.npm-cache/_logs/2026-03-12T20_40_29_179Z-debug-0.log
11 silly logfile done cleaning log files
12 silly packumentCache heap:4345298944 maxSize:1086324736 maxEntrySize:543162368
13 silly idealTree buildDeps
14 silly fetch manifest @types/pdfmake@*
15 silly packumentCache full:https://registry.npmjs.org/@types%2fpdfmake cache-miss
16 http fetch GET 200 https://registry.npmjs.org/@types%2fpdfmake 188ms (cache miss)
17 silly packumentCache full:https://registry.npmjs.org/@types%2fpdfmake set size:undefined disposed:false
18 silly fetch manifest prettier@*
19 silly packumentCache full:https://registry.npmjs.org/prettier cache-miss
20 http fetch GET 200 https://registry.npmjs.org/npm 274ms
21 http fetch GET 200 https://registry.npmjs.org/prettier 95ms (cache miss)
22 silly packumentCache full:https://registry.npmjs.org/prettier set size:undefined disposed:false
23 silly fetch manifest prettier-plugin-tailwindcss@*
24 silly packumentCache full:https://registry.npmjs.org/prettier-plugin-tailwindcss cache-miss
25 http fetch GET 200 https://registry.npmjs.org/prettier-plugin-tailwindcss 62ms (cache miss)
26 silly packumentCache full:https://registry.npmjs.org/prettier-plugin-tailwindcss set size:undefined disposed:false
27 silly fetch manifest @ianvs/prettier-plugin-sort-imports@*
28 silly packumentCache full:https://registry.npmjs.org/@ianvs%2fprettier-plugin-sort-imports cache-miss
29 http fetch GET 200 https://registry.npmjs.org/@ianvs%2fprettier-plugin-sort-imports 265ms (cache miss)
30 silly packumentCache full:https://registry.npmjs.org/@ianvs%2fprettier-plugin-sort-imports set size:undefined disposed:false
31 silly fetch manifest @prettier/plugin-oxc@^0.0.4 || ^0.1.0
32 silly packumentCache full:https://registry.npmjs.org/@prettier%2fplugin-oxc cache-miss
33 http fetch GET 200 https://registry.npmjs.org/@prettier%2fplugin-oxc 510ms (cache miss)
34 silly packumentCache full:https://registry.npmjs.org/@prettier%2fplugin-oxc set size:undefined disposed:false
35 silly fetch manifest @vue/compiler-sfc@2.7.x || 3.x
36 silly packumentCache full:https://registry.npmjs.org/@vue%2fcompiler-sfc cache-miss
37 http fetch GET 200 https://registry.npmjs.org/@vue%2fcompiler-sfc 100ms (cache miss)
38 silly packumentCache full:https://registry.npmjs.org/@vue%2fcompiler-sfc set size:undefined disposed:false
39 silly fetch manifest content-tag@^4.0.0
40 silly packumentCache full:https://registry.npmjs.org/content-tag cache-miss
41 http fetch GET 200 https://registry.npmjs.org/content-tag 61ms (cache miss)
42 silly packumentCache full:https://registry.npmjs.org/content-tag set size:undefined disposed:false
43 silly fetch manifest prettier-plugin-ember-template-tag@^2.1.0
44 silly packumentCache full:https://registry.npmjs.org/prettier-plugin-ember-template-tag cache-miss
45 http fetch GET 200 https://registry.npmjs.org/prettier-plugin-ember-template-tag 64ms (cache miss)
46 silly packumentCache full:https://registry.npmjs.org/prettier-plugin-ember-template-tag set size:undefined disposed:false
47 silly fetch manifest @prettier/plugin-hermes@*
48 silly packumentCache full:https://registry.npmjs.org/@prettier%2fplugin-hermes cache-miss
49 http fetch GET 200 https://registry.npmjs.org/@prettier%2fplugin-hermes 391ms (cache miss)
50 silly packumentCache full:https://registry.npmjs.org/@prettier%2fplugin-hermes set size:undefined disposed:false
51 silly fetch manifest @prettier/plugin-pug@*
52 silly packumentCache full:https://registry.npmjs.org/@prettier%2fplugin-pug cache-miss
53 http fetch GET 200 https://registry.npmjs.org/@prettier%2fplugin-pug 237ms (cache miss)
54 silly packumentCache full:https://registry.npmjs.org/@prettier%2fplugin-pug set size:undefined disposed:false
55 silly fetch manifest @shopify/prettier-plugin-liquid@*
56 silly packumentCache full:https://registry.npmjs.org/@shopify%2fprettier-plugin-liquid cache-miss
57 http fetch GET 200 https://registry.npmjs.org/@shopify%2fprettier-plugin-liquid 263ms (cache miss)
58 silly packumentCache full:https://registry.npmjs.org/@shopify%2fprettier-plugin-liquid set size:undefined disposed:false
59 silly fetch manifest @trivago/prettier-plugin-sort-imports@*
60 silly packumentCache full:https://registry.npmjs.org/@trivago%2fprettier-plugin-sort-imports cache-miss
61 http fetch GET 200 https://registry.npmjs.org/@trivago%2fprettier-plugin-sort-imports 218ms (cache miss)
62 silly packumentCache full:https://registry.npmjs.org/@trivago%2fprettier-plugin-sort-imports set size:undefined disposed:false
63 silly fetch manifest prettier-plugin-svelte@3.x
64 silly packumentCache full:https://registry.npmjs.org/prettier-plugin-svelte cache-miss
65 http fetch GET 200 https://registry.npmjs.org/prettier-plugin-svelte 68ms (cache miss)
66 silly packumentCache full:https://registry.npmjs.org/prettier-plugin-svelte set size:undefined disposed:false
67 silly fetch manifest svelte@^3.2.0 || ^4.0.0-next.0 || ^5.0.0-next.0
68 silly packumentCache full:https://registry.npmjs.org/svelte cache-miss
69 http fetch GET 200 https://registry.npmjs.org/svelte 124ms (cache miss)
70 silly packumentCache full:https://registry.npmjs.org/svelte set size:undefined disposed:false
71 silly fetch manifest @zackad/prettier-plugin-twig@*
72 silly packumentCache full:https://registry.npmjs.org/@zackad%2fprettier-plugin-twig cache-miss
73 http fetch GET 200 https://registry.npmjs.org/@zackad%2fprettier-plugin-twig 390ms (cache miss)
74 silly packumentCache full:https://registry.npmjs.org/@zackad%2fprettier-plugin-twig set size:undefined disposed:false
75 silly fetch manifest prettier-plugin-astro@*
76 silly packumentCache full:https://registry.npmjs.org/prettier-plugin-astro cache-miss
77 http fetch GET 200 https://registry.npmjs.org/prettier-plugin-astro 312ms (cache miss)
78 silly packumentCache full:https://registry.npmjs.org/prettier-plugin-astro set size:undefined disposed:false
79 silly fetch manifest prettier-plugin-css-order@*
80 silly packumentCache full:https://registry.npmjs.org/prettier-plugin-css-order cache-miss
81 http fetch GET 200 https://registry.npmjs.org/prettier-plugin-css-order 59ms (cache miss)
82 silly packumentCache full:https://registry.npmjs.org/prettier-plugin-css-order set size:undefined disposed:false
83 silly fetch manifest prettier-plugin-jsdoc@*
84 silly packumentCache full:https://registry.npmjs.org/prettier-plugin-jsdoc cache-miss
85 http fetch GET 200 https://registry.npmjs.org/prettier-plugin-jsdoc 61ms (cache miss)
86 silly packumentCache full:https://registry.npmjs.org/prettier-plugin-jsdoc set size:undefined disposed:false
87 silly fetch manifest prettier-plugin-marko@*
88 silly packumentCache full:https://registry.npmjs.org/prettier-plugin-marko cache-miss
89 http fetch GET 200 https://registry.npmjs.org/prettier-plugin-marko 324ms (cache miss)
90 silly packumentCache full:https://registry.npmjs.org/prettier-plugin-marko set size:undefined disposed:false
91 silly fetch manifest prettier-plugin-multiline-arrays@*
92 silly packumentCache full:https://registry.npmjs.org/prettier-plugin-multiline-arrays cache-miss
93 http fetch GET 200 https://registry.npmjs.org/prettier-plugin-multiline-arrays 68ms (cache miss)
94 silly packumentCache full:https://registry.npmjs.org/prettier-plugin-multiline-arrays set size:undefined disposed:false
95 silly fetch manifest prettier-plugin-organize-attributes@*
96 silly packumentCache full:https://registry.npmjs.org/prettier-plugin-organize-attributes cache-miss
97 http fetch GET 200 https://registry.npmjs.org/prettier-plugin-organize-attributes 53ms (cache miss)
98 silly packumentCache full:https://registry.npmjs.org/prettier-plugin-organize-attributes set size:undefined disposed:false
99 silly fetch manifest prettier-plugin-organize-imports@*
100 silly packumentCache full:https://registry.npmjs.org/prettier-plugin-organize-imports cache-miss
101 http fetch GET 200 https://registry.npmjs.org/prettier-plugin-organize-imports 70ms (cache miss)
102 silly packumentCache full:https://registry.npmjs.org/prettier-plugin-organize-imports set size:undefined disposed:false
103 silly fetch manifest typescript@^5
104 silly packumentCache full:https://registry.npmjs.org/typescript cache-miss
105 http fetch GET 200 https://registry.npmjs.org/typescript 277ms (cache miss)
106 silly packumentCache full:https://registry.npmjs.org/typescript set size:undefined disposed:false
107 silly fetch manifest vue-tsc@^2.1.0 || 3
108 silly packumentCache full:https://registry.npmjs.org/vue-tsc cache-miss
109 http fetch GET 200 https://registry.npmjs.org/vue-tsc 77ms (cache miss)
110 silly packumentCache full:https://registry.npmjs.org/vue-tsc set size:undefined disposed:false
111 silly fetch manifest prettier-plugin-sort-imports@*
112 silly packumentCache full:https://registry.npmjs.org/prettier-plugin-sort-imports cache-miss
113 http fetch GET 200 https://registry.npmjs.org/prettier-plugin-sort-imports 57ms (cache miss)
114 silly packumentCache full:https://registry.npmjs.org/prettier-plugin-sort-imports set size:undefined disposed:false
115 silly placeDep ROOT @types/pdfmake@0.3.2 OK for: tmp-app@0.1.0 want: *
116 silly placeDep ROOT prettier@3.8.1 OK for: tmp-app@0.1.0 want: *
117 silly placeDep ROOT prettier-plugin-tailwindcss@0.7.2 OK for: tmp-app@0.1.0 want: *
118 silly fetch manifest @types/pdfkit@*
119 silly packumentCache full:https://registry.npmjs.org/@types%2fpdfkit cache-miss
120 http fetch GET 200 https://registry.npmjs.org/@types%2fpdfkit 74ms (cache miss)
121 silly packumentCache full:https://registry.npmjs.org/@types%2fpdfkit set size:undefined disposed:false
122 silly placeDep ROOT @types/pdfkit@0.17.5 OK for: @types/pdfmake@0.3.2 want: *
123 silly reify moves {}
124 verbose reify failed optional dependency /Users/laerciorios/Projects/personal/cv-generator/node_modules/@tailwindcss/oxide-wasm32-wasi
125 silly reify mark deleted [
125 silly reify   '/Users/laerciorios/Projects/personal/cv-generator/node_modules/@tailwindcss/oxide-wasm32-wasi'
125 silly reify ]
126 silly audit bulk request {
126 silly audit   '@alloc/quick-lru': [ '5.2.0' ],
126 silly audit   '@babel/code-frame': [ '7.29.0' ],
126 silly audit   '@babel/compat-data': [ '7.29.0' ],
126 silly audit   '@babel/core': [ '7.29.0' ],
126 silly audit   '@babel/generator': [ '7.29.1' ],
126 silly audit   '@babel/helper-compilation-targets': [ '7.28.6' ],
126 silly audit   '@babel/helper-globals': [ '7.28.0' ],
126 silly audit   '@babel/helper-module-imports': [ '7.28.6' ],
126 silly audit   '@babel/helper-module-transforms': [ '7.28.6' ],
126 silly audit   '@babel/helper-string-parser': [ '7.27.1' ],
126 silly audit   '@babel/helper-validator-identifier': [ '7.28.5' ],
126 silly audit   '@babel/helper-validator-option': [ '7.27.1' ],
126 silly audit   '@babel/helpers': [ '7.28.6' ],
126 silly audit   '@babel/parser': [ '7.29.0' ],
126 silly audit   '@babel/template': [ '7.28.6' ],
126 silly audit   '@babel/traverse': [ '7.29.0' ],
126 silly audit   '@babel/types': [ '7.29.0' ],
126 silly audit   '@emnapi/core': [ '1.9.0' ],
126 silly audit   '@emnapi/runtime': [ '1.9.0' ],
126 silly audit   '@emnapi/wasi-threads': [ '1.2.0' ],
126 silly audit   '@eslint-community/eslint-utils': [ '4.9.1' ],
126 silly audit   'eslint-visitor-keys': [ '3.4.3', '5.0.1', '4.2.1' ],
126 silly audit   '@eslint-community/regexpp': [ '4.12.2' ],
126 silly audit   '@eslint/config-array': [ '0.21.2' ],
126 silly audit   '@eslint/config-helpers': [ '0.4.2' ],
126 silly audit   '@eslint/core': [ '0.17.0' ],
126 silly audit   '@eslint/eslintrc': [ '3.3.5' ],
126 silly audit   '@eslint/js': [ '9.39.4' ],
126 silly audit   '@eslint/object-schema': [ '2.1.7' ],
126 silly audit   '@eslint/plugin-kit': [ '0.4.1' ],
126 silly audit   '@formatjs/ecma402-abstract': [ '3.1.1' ],
126 silly audit   '@formatjs/fast-memoize': [ '3.1.0' ],
126 silly audit   '@formatjs/icu-messageformat-parser': [ '3.5.1' ],
126 silly audit   '@formatjs/icu-skeleton-parser': [ '2.1.1' ],
126 silly audit   '@formatjs/intl-localematcher': [ '0.8.1' ],
126 silly audit   '@hookform/resolvers': [ '5.2.2' ],
126 silly audit   '@humanfs/core': [ '0.19.1' ],
126 silly audit   '@humanfs/node': [ '0.16.7' ],
126 silly audit   '@humanwhocodes/module-importer': [ '1.0.1' ],
126 silly audit   '@humanwhocodes/retry': [ '0.4.3' ],
126 silly audit   '@img/colour': [ '1.1.0' ],
126 silly audit   '@img/sharp-darwin-arm64': [ '0.34.5' ],
126 silly audit   '@img/sharp-darwin-x64': [ '0.34.5' ],
126 silly audit   '@img/sharp-libvips-darwin-arm64': [ '1.2.4' ],
126 silly audit   '@img/sharp-libvips-darwin-x64': [ '1.2.4' ],
126 silly audit   '@img/sharp-libvips-linux-arm': [ '1.2.4' ],
126 silly audit   '@img/sharp-libvips-linux-arm64': [ '1.2.4' ],
126 silly audit   '@img/sharp-libvips-linux-ppc64': [ '1.2.4' ],
126 silly audit   '@img/sharp-libvips-linux-riscv64': [ '1.2.4' ],
126 silly audit   '@img/sharp-libvips-linux-s390x': [ '1.2.4' ],
126 silly audit   '@img/sharp-libvips-linux-x64': [ '1.2.4' ],
126 silly audit   '@img/sharp-libvips-linuxmusl-arm64': [ '1.2.4' ],
126 silly audit   '@img/sharp-libvips-linuxmusl-x64': [ '1.2.4' ],
126 silly audit   '@img/sharp-linux-arm': [ '0.34.5' ],
126 silly audit   '@img/sharp-linux-arm64': [ '0.34.5' ],
126 silly audit   '@img/sharp-linux-ppc64': [ '0.34.5' ],
126 silly audit   '@img/sharp-linux-riscv64': [ '0.34.5' ],
126 silly audit   '@img/sharp-linux-s390x': [ '0.34.5' ],
126 silly audit   '@img/sharp-linux-x64': [ '0.34.5' ],
126 silly audit   '@img/sharp-linuxmusl-arm64': [ '0.34.5' ],
126 silly audit   '@img/sharp-linuxmusl-x64': [ '0.34.5' ],
126 silly audit   '@img/sharp-wasm32': [ '0.34.5' ],
126 silly audit   '@img/sharp-win32-arm64': [ '0.34.5' ],
126 silly audit   '@img/sharp-win32-ia32': [ '0.34.5' ],
126 silly audit   '@img/sharp-win32-x64': [ '0.34.5' ],
126 silly audit   '@jridgewell/gen-mapping': [ '0.3.13' ],
126 silly audit   '@jridgewell/remapping': [ '2.3.5' ],
126 silly audit   '@jridgewell/resolve-uri': [ '3.1.2' ],
126 silly audit   '@jridgewell/sourcemap-codec': [ '1.5.5' ],
126 silly audit   '@jridgewell/trace-mapping': [ '0.3.31' ],
126 silly audit   '@napi-rs/wasm-runtime': [ '0.2.12' ],
126 silly audit   '@next/env': [ '16.1.6' ],
126 silly audit   '@next/eslint-plugin-next': [ '16.1.6' ],
126 silly audit   '@next/swc-darwin-arm64': [ '16.1.6' ],
126 silly audit   '@next/swc-darwin-x64': [ '16.1.6' ],
126 silly audit   '@next/swc-linux-arm64-gnu': [ '16.1.6' ],
126 silly audit   '@next/swc-linux-arm64-musl': [ '16.1.6' ],
126 silly audit   '@next/swc-linux-x64-gnu': [ '16.1.6' ],
126 silly audit   '@next/swc-linux-x64-musl': [ '16.1.6' ],
126 silly audit   '@next/swc-win32-arm64-msvc': [ '16.1.6' ],
126 silly audit   '@next/swc-win32-x64-msvc': [ '16.1.6' ],
126 silly audit   '@nodelib/fs.scandir': [ '2.1.5' ],
126 silly audit   '@nodelib/fs.stat': [ '2.0.5' ],
126 silly audit   '@nodelib/fs.walk': [ '1.2.8' ],
126 silly audit   '@nolyfill/is-core-module': [ '1.0.39' ],
126 silly audit   '@parcel/watcher': [ '2.5.6' ],
126 silly audit   '@parcel/watcher-android-arm64': [ '2.5.6' ],
126 silly audit   '@parcel/watcher-darwin-arm64': [ '2.5.6' ],
126 silly audit   '@parcel/watcher-darwin-x64': [ '2.5.6' ],
126 silly audit   '@parcel/watcher-freebsd-x64': [ '2.5.6' ],
126 silly audit   '@parcel/watcher-linux-arm-glibc': [ '2.5.6' ],
126 silly audit   '@parcel/watcher-linux-arm-musl': [ '2.5.6' ],
126 silly audit   '@parcel/watcher-linux-arm64-glibc': [ '2.5.6' ],
126 silly audit   '@parcel/watcher-linux-arm64-musl': [ '2.5.6' ],
126 silly audit   '@parcel/watcher-linux-x64-glibc': [ '2.5.6' ],
126 silly audit   '@parcel/watcher-linux-x64-musl': [ '2.5.6' ],
126 silly audit   '@parcel/watcher-win32-arm64': [ '2.5.6' ],
126 silly audit   '@parcel/watcher-win32-ia32': [ '2.5.6' ],
126 silly audit   '@parcel/watcher-win32-x64': [ '2.5.6' ],
126 silly audit   picomatch: [ '4.0.3', '2.3.1' ],
126 silly audit   '@rtsao/scc': [ '1.1.0' ],
126 silly audit   '@schummar/icu-type-parser': [ '1.21.5' ],
126 silly audit   '@standard-schema/utils': [ '0.3.0' ],
126 silly audit   '@swc/core-darwin-arm64': [ '1.15.18' ],
126 silly audit   '@swc/core-darwin-x64': [ '1.15.18' ],
126 silly audit   '@swc/core-linux-arm-gnueabihf': [ '1.15.18' ],
126 silly audit   '@swc/core-linux-arm64-gnu': [ '1.15.18' ],
126 silly audit   '@swc/core-linux-arm64-musl': [ '1.15.18' ],
126 silly audit   '@swc/core-linux-x64-gnu': [ '1.15.18' ],
126 silly audit   '@swc/core-linux-x64-musl': [ '1.15.18' ],
126 silly audit   '@swc/core-win32-arm64-msvc': [ '1.15.18' ],
126 silly audit   '@swc/core-win32-ia32-msvc': [ '1.15.18' ],
126 silly audit   '@swc/core-win32-x64-msvc': [ '1.15.18' ],
126 silly audit   '@swc/counter': [ '0.1.3' ],
126 silly audit   '@swc/helpers': [ '0.5.15', '0.5.19' ],
126 silly audit   '@swc/types': [ '0.1.25' ],
126 silly audit   '@tailwindcss/node': [ '4.2.1' ],
126 silly audit   '@tailwindcss/oxide': [ '4.2.1' ],
126 silly audit   '@tailwindcss/oxide-android-arm64': [ '4.2.1' ],
126 silly audit   '@tailwindcss/oxide-darwin-arm64': [ '4.2.1' ],
126 silly audit   '@tailwindcss/oxide-darwin-x64': [ '4.2.1' ],
126 silly audit   '@tailwindcss/oxide-freebsd-x64': [ '4.2.1' ],
126 silly audit   '@tailwindcss/oxide-linux-arm-gnueabihf': [ '4.2.1' ],
126 silly audit   '@tailwindcss/oxide-linux-arm64-gnu': [ '4.2.1' ],
126 silly audit   '@tailwindcss/oxide-linux-arm64-musl': [ '4.2.1' ],
126 silly audit   '@tailwindcss/oxide-linux-x64-gnu': [ '4.2.1' ],
126 silly audit   '@tailwindcss/oxide-linux-x64-musl': [ '4.2.1' ],
126 silly audit   '@tailwindcss/oxide-win32-arm64-msvc': [ '4.2.1' ],
126 silly audit   '@tailwindcss/oxide-win32-x64-msvc': [ '4.2.1' ],
126 silly audit   '@tailwindcss/postcss': [ '4.2.1' ],
126 silly audit   '@tybys/wasm-util': [ '0.10.1' ],
126 silly audit   '@types/estree': [ '1.0.8' ],
126 silly audit   '@types/json-schema': [ '7.0.15' ],
126 silly audit   '@types/json5': [ '0.0.29' ],
126 silly audit   '@types/node': [ '20.19.37', '25.5.0' ],
126 silly audit   '@types/react': [ '19.2.14' ],
126 silly audit   '@types/react-dom': [ '19.2.3' ],
126 silly audit   '@typescript-eslint/eslint-plugin': [ '8.57.0' ],
126 silly audit   ignore: [ '7.0.5', '5.3.2' ],
126 silly audit   '@typescript-eslint/parser': [ '8.57.0' ],
126 silly audit   '@typescript-eslint/project-service': [ '8.57.0' ],
126 silly audit   '@typescript-eslint/scope-manager': [ '8.57.0' ],
126 silly audit   '@typescript-eslint/tsconfig-utils': [ '8.57.0' ],
126 silly audit   '@typescript-eslint/type-utils': [ '8.57.0' ],
126 silly audit   '@typescript-eslint/types': [ '8.57.0' ],
126 silly audit   '@typescript-eslint/typescript-estree': [ '8.57.0' ],
126 silly audit   'balanced-match': [ '4.0.4', '1.0.2' ],
126 silly audit   'brace-expansion': [ '5.0.4', '1.1.12' ],
126 silly audit   minimatch: [ '10.2.4', '3.1.5' ],
126 silly audit   semver: [ '7.7.4', '6.3.1' ],
126 silly audit   '@typescript-eslint/utils': [ '8.57.0' ],
126 silly audit   '@typescript-eslint/visitor-keys': [ '8.57.0' ],
126 silly audit   '@unrs/resolver-binding-android-arm-eabi': [ '1.11.1' ],
126 silly audit   '@unrs/resolver-binding-android-arm64': [ '1.11.1' ],
126 silly audit   '@unrs/resolver-binding-darwin-arm64': [ '1.11.1' ],
126 silly audit   '@unrs/resolver-binding-darwin-x64': [ '1.11.1' ],
126 silly audit   '@unrs/resolver-binding-freebsd-x64': [ '1.11.1' ],
126 silly audit   '@unrs/resolver-binding-linux-arm-gnueabihf': [ '1.11.1' ],
126 silly audit   '@unrs/resolver-binding-linux-arm-musleabihf': [ '1.11.1' ],
126 silly audit   '@unrs/resolver-binding-linux-arm64-gnu': [ '1.11.1' ],
126 silly audit   '@unrs/resolver-binding-linux-arm64-musl': [ '1.11.1' ],
126 silly audit   '@unrs/resolver-binding-linux-ppc64-gnu': [ '1.11.1' ],
126 silly audit   '@unrs/resolver-binding-linux-riscv64-gnu': [ '1.11.1' ],
126 silly audit   '@unrs/resolver-binding-linux-riscv64-musl': [ '1.11.1' ],
126 silly audit   '@unrs/resolver-binding-linux-s390x-gnu': [ '1.11.1' ],
126 silly audit   '@unrs/resolver-binding-linux-x64-gnu': [ '1.11.1' ],
126 silly audit   '@unrs/resolver-binding-linux-x64-musl': [ '1.11.1' ],
126 silly audit   '@unrs/resolver-binding-wasm32-wasi': [ '1.11.1' ],
126 silly audit   '@unrs/resolver-binding-win32-arm64-msvc': [ '1.11.1' ],
126 silly audit   '@unrs/resolver-binding-win32-ia32-msvc': [ '1.11.1' ],
126 silly audit   '@unrs/resolver-binding-win32-x64-msvc': [ '1.11.1' ],
126 silly audit   acorn: [ '8.16.0' ],
126 silly audit   'acorn-jsx': [ '5.3.2' ],
126 silly audit   ajv: [ '6.14.0' ],
126 silly audit   'ansi-styles': [ '4.3.0' ],
126 silly audit   argparse: [ '2.0.1' ],
126 silly audit   'aria-query': [ '5.3.2' ],
126 silly audit   'array-buffer-byte-length': [ '1.0.2' ],
126 silly audit   'array-includes': [ '3.1.9' ],
126 silly audit   'array.prototype.findlast': [ '1.2.5' ],
126 silly audit   'array.prototype.findlastindex': [ '1.2.6' ],
126 silly audit   'array.prototype.flat': [ '1.3.3' ],
126 silly audit   'array.prototype.flatmap': [ '1.3.3' ],
126 silly audit   'array.prototype.tosorted': [ '1.1.4' ],
126 silly audit   'arraybuffer.prototype.slice': [ '1.0.4' ],
126 silly audit   'ast-types-flow': [ '0.0.8' ],
126 silly audit   'async-function': [ '1.0.0' ],
126 silly audit   'available-typed-arrays': [ '1.0.7' ],
126 silly audit   'axe-core': [ '4.11.1' ],
126 silly audit   'axobject-query': [ '4.1.0' ],
126 silly audit   'base64-js': [ '0.0.8', '1.5.1' ],
126 silly audit   'baseline-browser-mapping': [ '2.10.7' ],
126 silly audit   braces: [ '3.0.3' ],
126 silly audit   brotli: [ '1.3.3' ],
126 silly audit   browserslist: [ '4.28.1' ],
126 silly audit   'call-bind': [ '1.0.8' ],
126 silly audit   'call-bind-apply-helpers': [ '1.0.2' ],
126 silly audit   'call-bound': [ '1.0.4' ],
126 silly audit   callsites: [ '3.1.0' ],
126 silly audit   'caniuse-lite': [ '1.0.30001778' ],
126 silly audit   chalk: [ '4.1.2' ],
126 silly audit   'client-only': [ '0.0.1' ],
126 silly audit   clone: [ '2.1.2' ],
126 silly audit   'color-convert': [ '2.0.1' ],
126 silly audit   'color-name': [ '1.1.4' ],
126 silly audit   'concat-map': [ '0.0.1' ],
126 silly audit   'convert-source-map': [ '2.0.0' ],
126 silly audit   'core-util-is': [ '1.0.3' ],
126 silly audit   'cross-spawn': [ '7.0.6' ],
126 silly audit   'crypto-js': [ '4.2.0' ],
126 silly audit   csstype: [ '3.2.3' ],
126 silly audit   'damerau-levenshtein': [ '1.0.8' ],
126 silly audit   'data-view-buffer': [ '1.0.2' ],
126 silly audit   'data-view-byte-length': [ '1.0.2' ],
126 silly audit   'data-view-byte-offset': [ '1.0.1' ],
126 silly audit   debug: [ '4.4.3', '3.2.7' ],
126 silly audit   'decimal.js': [ '10.6.0' ],
126 silly audit   'deep-is': [ '0.1.4' ],
126 silly audit   'define-data-property': [ '1.1.4' ],
126 silly audit   'define-properties': [ '1.2.1' ],
126 silly audit   'detect-libc': [ '2.1.2' ],
126 silly audit   dfa: [ '1.2.0' ],
126 silly audit   doctrine: [ '2.1.0' ],
126 silly audit   docx: [ '9.6.1' ],
126 silly audit   nanoid: [ '5.1.6', '3.3.11' ],
126 silly audit   'undici-types': [ '7.18.2', '6.21.0' ],
126 silly audit   'dunder-proto': [ '1.0.1' ],
126 silly audit   'electron-to-chromium': [ '1.5.313' ],
126 silly audit   'emoji-regex': [ '9.2.2' ],
126 silly audit   'enhanced-resolve': [ '5.20.0' ],
126 silly audit   'es-abstract': [ '1.24.1' ],
126 silly audit   'es-define-property': [ '1.0.1' ],
126 silly audit   'es-errors': [ '1.3.0' ],
126 silly audit   'es-iterator-helpers': [ '1.3.0' ],
126 silly audit   'es-object-atoms': [ '1.1.1' ],
126 silly audit   'es-set-tostringtag': [ '2.1.0' ],
126 silly audit   'es-shim-unscopables': [ '1.1.0' ],
126 silly audit   'es-to-primitive': [ '1.3.0' ],
126 silly audit   escalade: [ '3.2.0' ],
126 silly audit   'escape-string-regexp': [ '4.0.0' ],
126 silly audit   eslint: [ '9.39.4' ],
126 silly audit   'eslint-config-next': [ '16.1.6' ],
126 silly audit   globals: [ '16.4.0', '14.0.0' ],
126 silly audit   'eslint-import-resolver-node': [ '0.3.9' ],
126 silly audit   'eslint-import-resolver-typescript': [ '3.10.1' ],
126 silly audit   'eslint-module-utils': [ '2.12.1' ],
126 silly audit   'eslint-plugin-import': [ '2.32.0' ],
126 silly audit   'eslint-plugin-jsx-a11y': [ '6.10.2' ],
126 silly audit   'eslint-plugin-react': [ '7.37.5' ],
126 silly audit   'eslint-plugin-react-hooks': [ '7.0.1' ],
126 silly audit   resolve: [ '2.0.0-next.6', '1.22.11' ],
126 silly audit   'eslint-scope': [ '8.4.0' ],
126 silly audit   espree: [ '10.4.0' ],
126 silly audit   esquery: [ '1.7.0' ],
126 silly audit   esrecurse: [ '4.3.0' ],
126 silly audit   estraverse: [ '5.3.0' ],
126 silly audit   esutils: [ '2.0.3' ],
126 silly audit   'fast-deep-equal': [ '3.1.3' ],
126 silly audit   'fast-glob': [ '3.3.1' ],
126 silly audit   'glob-parent': [ '5.1.2', '6.0.2' ],
126 silly audit   'fast-json-stable-stringify': [ '2.1.0' ],
126 silly audit   'fast-levenshtein': [ '2.0.6' ],
126 silly audit   fastq: [ '1.20.1' ],
126 silly audit   'file-entry-cache': [ '8.0.0' ],
126 silly audit   'fill-range': [ '7.1.1' ],
126 silly audit   'find-up': [ '5.0.0' ],
126 silly audit   'flat-cache': [ '4.0.1' ],
126 silly audit   flatted: [ '3.4.1' ],
126 silly audit   fontkit: [ '2.0.4' ],
126 silly audit   'for-each': [ '0.3.5' ],
126 silly audit   'function-bind': [ '1.1.2' ],
126 silly audit   'function.prototype.name': [ '1.1.8' ],
126 silly audit   'functions-have-names': [ '1.2.3' ],
126 silly audit   'generator-function': [ '2.0.1' ],
126 silly audit   gensync: [ '1.0.0-beta.2' ],
126 silly audit   'get-intrinsic': [ '1.3.0' ],
126 silly audit   'get-proto': [ '1.0.1' ],
126 silly audit   'get-symbol-description': [ '1.1.0' ],
126 silly audit   'get-tsconfig': [ '4.13.6' ],
126 silly audit   globalthis: [ '1.0.4' ],
126 silly audit   gopd: [ '1.2.0' ],
126 silly audit   'graceful-fs': [ '4.2.11' ],
126 silly audit   'has-bigints': [ '1.1.0' ],
126 silly audit   'has-flag': [ '4.0.0' ],
126 silly audit   'has-property-descriptors': [ '1.0.2' ],
126 silly audit   'has-proto': [ '1.2.0' ],
126 silly audit   'has-symbols': [ '1.1.0' ],
126 silly audit   'has-tostringtag': [ '1.0.2' ],
126 silly audit   'hash.js': [ '1.1.7' ],
126 silly audit   hasown: [ '2.0.2' ],
126 silly audit   'hermes-estree': [ '0.25.1' ],
126 silly audit   'hermes-parser': [ '0.25.1' ],
126 silly audit   'icu-minify': [ '4.8.3' ],
126 silly audit   immediate: [ '3.0.6' ],
126 silly audit   'import-fresh': [ '3.3.1' ],
126 silly audit   imurmurhash: [ '0.1.4' ],
126 silly audit   inherits: [ '2.0.4' ],
126 silly audit   'internal-slot': [ '1.1.0' ],
126 silly audit   'intl-messageformat': [ '11.1.2' ],
126 silly audit   'is-array-buffer': [ '3.0.5' ],
126 silly audit   'is-async-function': [ '2.1.1' ],
126 silly audit   'is-bigint': [ '1.1.0' ],
126 silly audit   'is-boolean-object': [ '1.2.2' ],
126 silly audit   'is-bun-module': [ '2.0.0' ],
126 silly audit   'is-callable': [ '1.2.7' ],
126 silly audit   'is-core-module': [ '2.16.1' ],
126 silly audit   'is-data-view': [ '1.0.2' ],
126 silly audit   'is-date-object': [ '1.1.0' ],
126 silly audit   'is-extglob': [ '2.1.1' ],
126 silly audit   'is-finalizationregistry': [ '1.1.1' ],
126 silly audit   'is-generator-function': [ '1.1.2' ],
126 silly audit   'is-glob': [ '4.0.3' ],
126 silly audit   'is-map': [ '2.0.3' ],
126 silly audit   'is-negative-zero': [ '2.0.3' ],
126 silly audit   'is-number': [ '7.0.0' ],
126 silly audit   'is-number-object': [ '1.1.1' ],
126 silly audit   'is-regex': [ '1.2.1' ],
126 silly audit   'is-set': [ '2.0.3' ],
126 silly audit   'is-shared-array-buffer': [ '1.0.4' ],
126 silly audit   'is-string': [ '1.1.1' ],
126 silly audit   'is-symbol': [ '1.1.1' ],
126 silly audit   'is-typed-array': [ '1.1.15' ],
126 silly audit   'is-weakmap': [ '2.0.2' ],
126 silly audit   'is-weakref': [ '1.1.1' ],
126 silly audit   'is-weakset': [ '2.0.4' ],
126 silly audit   isarray: [ '2.0.5', '1.0.0' ],
126 silly audit   isexe: [ '2.0.0' ],
126 silly audit   'iterator.prototype': [ '1.1.5' ],
126 silly audit   jiti: [ '2.6.1' ],
126 silly audit   'jpeg-exif': [ '1.1.4' ],
126 silly audit   'js-tokens': [ '4.0.0' ],
126 silly audit   'js-yaml': [ '4.1.1' ],
126 silly audit   jsesc: [ '3.1.0' ],
126 silly audit   'json-buffer': [ '3.0.1' ],
126 silly audit   'json-schema-traverse': [ '0.4.1' ],
126 silly audit   'json-stable-stringify-without-jsonify': [ '1.0.1' ],
126 silly audit   json5: [ '2.2.3', '1.0.2' ],
126 silly audit   'jsx-ast-utils': [ '3.3.5' ],
126 silly audit   jszip: [ '3.10.1' ],
126 silly audit   keyv: [ '4.5.4' ],
126 silly audit   'language-subtag-registry': [ '0.3.23' ],
126 silly audit   'language-tags': [ '1.0.9' ],
126 silly audit   levn: [ '0.4.1' ],
126 silly audit   lie: [ '3.3.0' ],
126 silly audit   lightningcss: [ '1.31.1' ],
126 silly audit   'lightningcss-android-arm64': [ '1.31.1' ],
126 silly audit   'lightningcss-darwin-arm64': [ '1.31.1' ],
126 silly audit   'lightningcss-darwin-x64': [ '1.31.1' ],
126 silly audit   'lightningcss-freebsd-x64': [ '1.31.1' ],
126 silly audit   'lightningcss-linux-arm-gnueabihf': [ '1.31.1' ],
126 silly audit   'lightningcss-linux-arm64-gnu': [ '1.31.1' ],
126 silly audit   'lightningcss-linux-arm64-musl': [ '1.31.1' ],
126 silly audit   'lightningcss-linux-x64-gnu': [ '1.31.1' ],
126 silly audit   'lightningcss-linux-x64-musl': [ '1.31.1' ],
126 silly audit   'lightningcss-win32-arm64-msvc': [ '1.31.1' ],
126 silly audit   'lightningcss-win32-x64-msvc': [ '1.31.1' ],
126 silly audit   linebreak: [ '1.1.0' ],
126 silly audit   'locate-path': [ '6.0.0' ],
126 silly audit   'lodash.merge': [ '4.6.2' ],
126 silly audit   'loose-envify': [ '1.4.0' ],
126 silly audit   'lru-cache': [ '5.1.1' ],
126 silly audit   'magic-string': [ '0.30.21' ],
126 silly audit   'math-intrinsics': [ '1.1.0' ],
126 silly audit   merge2: [ '1.4.1' ],
126 silly audit   micromatch: [ '4.0.8' ],
126 silly audit   'minimalistic-assert': [ '1.0.1' ],
126 silly audit   minimist: [ '1.2.8' ],
126 silly audit   ms: [ '2.1.3' ],
126 silly audit   'napi-postinstall': [ '0.3.4' ],
126 silly audit   'natural-compare': [ '1.4.0' ],
126 silly audit   negotiator: [ '1.0.0' ],
126 silly audit   next: [ '16.1.6' ],
126 silly audit   'next-intl': [ '4.8.3' ],
126 silly audit   'next-intl-swc-plugin-extractor': [ '4.8.3' ],
126 silly audit   '@swc/core': [ '1.15.18' ],
126 silly audit   'next-themes': [ '0.4.6' ],
126 silly audit   postcss: [ '8.4.31', '8.5.8' ],
126 silly audit   'node-addon-api': [ '7.1.1' ],
126 silly audit   'node-exports-info': [ '1.6.0' ],
126 silly audit   'node-releases': [ '2.0.36' ],
126 silly audit   'object-assign': [ '4.1.1' ],
126 silly audit   'object-inspect': [ '1.13.4' ],
126 silly audit   'object-keys': [ '1.1.1' ],
126 silly audit   'object.assign': [ '4.1.7' ],
126 silly audit   'object.entries': [ '1.1.9' ],
126 silly audit   'object.fromentries': [ '2.0.8' ],
126 silly audit   'object.groupby': [ '1.0.3' ],
126 silly audit   'object.values': [ '1.2.1' ],
126 silly audit   optionator: [ '0.9.4' ],
126 silly audit   'own-keys': [ '1.0.1' ],
126 silly audit   'p-limit': [ '3.1.0' ],
126 silly audit   'p-locate': [ '5.0.0' ],
126 silly audit   pako: [ '1.0.11', '0.2.9' ],
126 silly audit   'parent-module': [ '1.0.1' ],
126 silly audit   'path-exists': [ '4.0.0' ],
126 silly audit   'path-key': [ '3.1.1' ],
126 silly audit   'path-parse': [ '1.0.7' ],
126 silly audit   pdfkit: [ '0.17.2' ],
126 silly audit   pdfmake: [ '0.3.6' ],
126 silly audit   picocolors: [ '1.1.1' ],
126 silly audit   'png-js': [ '1.0.0' ],
126 silly audit   'po-parser': [ '2.1.1' ],
126 silly audit   'possible-typed-array-names': [ '1.1.0' ],
126 silly audit   'prelude-ls': [ '1.2.1' ],
126 silly audit   'process-nextick-args': [ '2.0.1' ],
126 silly audit   'prop-types': [ '15.8.1' ],
126 silly audit   punycode: [ '2.3.1' ],
126 silly audit   'queue-microtask': [ '1.2.3' ],
126 silly audit   react: [ '19.2.3' ],
126 silly audit   'react-dom': [ '19.2.3' ],
126 silly audit   'react-hook-form': [ '7.71.2' ],
126 silly audit   'react-is': [ '16.13.1' ],
126 silly audit   'readable-stream': [ '2.3.8' ],
126 silly audit   'reflect.getprototypeof': [ '1.0.10' ],
126 silly audit   'regexp.prototype.flags': [ '1.5.4' ],
126 silly audit   'resolve-from': [ '4.0.0' ],
126 silly audit   'resolve-pkg-maps': [ '1.0.0' ],
126 silly audit   restructure: [ '3.0.2' ],
126 silly audit   reusify: [ '1.1.0' ],
126 silly audit   'run-parallel': [ '1.2.0' ],
126 silly audit   'safe-array-concat': [ '1.1.3' ],
126 silly audit   'safe-buffer': [ '5.1.2' ],
126 silly audit   'safe-push-apply': [ '1.0.0' ],
126 silly audit   'safe-regex-test': [ '1.1.0' ],
126 silly audit   sax: [ '1.5.0' ],
126 silly audit   scheduler: [ '0.27.0' ],
126 silly audit   'set-function-length': [ '1.2.2' ],
126 silly audit   'set-function-name': [ '2.0.2' ],
126 silly audit   'set-proto': [ '1.0.0' ],
126 silly audit   setimmediate: [ '1.0.5' ],
126 silly audit   sharp: [ '0.34.5' ],
126 silly audit   'shebang-command': [ '2.0.0' ],
126 silly audit   'shebang-regex': [ '3.0.0' ],
126 silly audit   'side-channel': [ '1.1.0' ],
126 silly audit   'side-channel-list': [ '1.0.0' ],
126 silly audit   'side-channel-map': [ '1.0.1' ],
126 silly audit   'side-channel-weakmap': [ '1.0.2' ],
126 silly audit   'source-map-js': [ '1.2.1' ],
126 silly audit   'stable-hash': [ '0.0.5' ],
126 silly audit   'stop-iteration-iterator': [ '1.1.0' ],
126 silly audit   string_decoder: [ '1.1.1' ],
126 silly audit   'string.prototype.includes': [ '2.0.1' ],
126 silly audit   'string.prototype.matchall': [ '4.0.12' ],
126 silly audit   'string.prototype.repeat': [ '1.0.0' ],
126 silly audit   'string.prototype.trim': [ '1.2.10' ],
126 silly audit   'string.prototype.trimend': [ '1.0.9' ],
126 silly audit   'string.prototype.trimstart': [ '1.0.8' ],
126 silly audit   'strip-bom': [ '3.0.0' ],
126 silly audit   'strip-json-comments': [ '3.1.1' ],
126 silly audit   'styled-jsx': [ '5.1.6' ],
126 silly audit   'supports-color': [ '7.2.0' ],
126 silly audit   'supports-preserve-symlinks-flag': [ '1.0.0' ],
126 silly audit   tailwindcss: [ '4.2.1' ],
126 silly audit   tapable: [ '2.3.0' ],
126 silly audit   'tiny-inflate': [ '1.0.3' ],
126 silly audit   tinyglobby: [ '0.2.15' ],
126 silly audit   fdir: [ '6.5.0' ],
126 silly audit   'to-regex-range': [ '5.0.1' ],
126 silly audit   'ts-api-utils': [ '2.4.0' ],
126 silly audit   'tsconfig-paths': [ '3.15.0' ],
126 silly audit   tslib: [ '2.8.1' ],
126 silly audit   'type-check': [ '0.4.0' ],
126 silly audit   'typed-array-buffer': [ '1.0.3' ],
126 silly audit   'typed-array-byte-length': [ '1.0.3' ],
126 silly audit   'typed-array-byte-offset': [ '1.0.4' ],
126 silly audit   'typed-array-length': [ '1.0.7' ],
126 silly audit   typescript: [ '5.9.3' ],
126 silly audit   'typescript-eslint': [ '8.57.0' ],
126 silly audit   'unbox-primitive': [ '1.1.0' ],
126 silly audit   'unicode-properties': [ '1.4.1' ],
126 silly audit   'unicode-trie': [ '2.0.0' ],
126 silly audit   'unrs-resolver': [ '1.11.1' ],
126 silly audit   'update-browserslist-db': [ '1.2.3' ],
126 silly audit   'uri-js': [ '4.4.1' ],
126 silly audit   'use-intl': [ '4.8.3' ],
126 silly audit   'util-deprecate': [ '1.0.2' ],
126 silly audit   which: [ '2.0.2' ],
126 silly audit   'which-boxed-primitive': [ '1.1.1' ],
126 silly audit   'which-builtin-type': [ '1.2.1' ],
126 silly audit   'which-collection': [ '1.0.2' ],
126 silly audit   'which-typed-array': [ '1.1.20' ],
126 silly audit   'word-wrap': [ '1.2.5' ],
126 silly audit   xml: [ '1.0.1' ],
126 silly audit   'xml-js': [ '1.6.11' ],
126 silly audit   xmldoc: [ '2.0.3' ],
126 silly audit   yallist: [ '3.1.1' ],
126 silly audit   'yocto-queue': [ '0.1.0' ],
126 silly audit   zod: [ '4.3.6' ],
126 silly audit   'zod-validation-error': [ '4.0.2' ],
126 silly audit   zustand: [ '5.0.11' ],
126 silly audit   '@types/pdfmake': [ '0.3.2' ],
126 silly audit   prettier: [ '3.8.1' ],
126 silly audit   'prettier-plugin-tailwindcss': [ '0.7.2' ],
126 silly audit   '@types/pdfkit': [ '0.17.5' ],
126 silly audit   '@tailwindcss/oxide-wasm32-wasi': [ '4.2.1' ]
126 silly audit }
127 verbose reify failed optional dependency /Users/laerciorios/Projects/personal/cv-generator/node_modules/lightningcss-win32-x64-msvc
128 silly reify mark deleted [
128 silly reify   '/Users/laerciorios/Projects/personal/cv-generator/node_modules/lightningcss-win32-x64-msvc'
128 silly reify ]
129 verbose reify failed optional dependency /Users/laerciorios/Projects/personal/cv-generator/node_modules/lightningcss-win32-arm64-msvc
130 silly reify mark deleted [
130 silly reify   '/Users/laerciorios/Projects/personal/cv-generator/node_modules/lightningcss-win32-arm64-msvc'
130 silly reify ]
131 verbose reify failed optional dependency /Users/laerciorios/Projects/personal/cv-generator/node_modules/lightningcss-linux-x64-musl
132 silly reify mark deleted [
132 silly reify   '/Users/laerciorios/Projects/personal/cv-generator/node_modules/lightningcss-linux-x64-musl'
132 silly reify ]
133 verbose reify failed optional dependency /Users/laerciorios/Projects/personal/cv-generator/node_modules/lightningcss-linux-x64-gnu
134 silly reify mark deleted [
134 silly reify   '/Users/laerciorios/Projects/personal/cv-generator/node_modules/lightningcss-linux-x64-gnu'
134 silly reify ]
135 verbose reify failed optional dependency /Users/laerciorios/Projects/personal/cv-generator/node_modules/lightningcss-linux-arm64-musl
136 silly reify mark deleted [
136 silly reify   '/Users/laerciorios/Projects/personal/cv-generator/node_modules/lightningcss-linux-arm64-musl'
136 silly reify ]
137 verbose reify failed optional dependency /Users/laerciorios/Projects/personal/cv-generator/node_modules/lightningcss-linux-arm64-gnu
138 silly reify mark deleted [
138 silly reify   '/Users/laerciorios/Projects/personal/cv-generator/node_modules/lightningcss-linux-arm64-gnu'
138 silly reify ]
139 verbose reify failed optional dependency /Users/laerciorios/Projects/personal/cv-generator/node_modules/lightningcss-linux-arm-gnueabihf
140 silly reify mark deleted [
140 silly reify   '/Users/laerciorios/Projects/personal/cv-generator/node_modules/lightningcss-linux-arm-gnueabihf'
140 silly reify ]
141 verbose reify failed optional dependency /Users/laerciorios/Projects/personal/cv-generator/node_modules/lightningcss-freebsd-x64
142 silly reify mark deleted [
142 silly reify   '/Users/laerciorios/Projects/personal/cv-generator/node_modules/lightningcss-freebsd-x64'
142 silly reify ]
143 verbose reify failed optional dependency /Users/laerciorios/Projects/personal/cv-generator/node_modules/lightningcss-darwin-x64
144 silly reify mark deleted [
144 silly reify   '/Users/laerciorios/Projects/personal/cv-generator/node_modules/lightningcss-darwin-x64'
144 silly reify ]
145 verbose reify failed optional dependency /Users/laerciorios/Projects/personal/cv-generator/node_modules/lightningcss-android-arm64
146 silly reify mark deleted [
146 silly reify   '/Users/laerciorios/Projects/personal/cv-generator/node_modules/lightningcss-android-arm64'
146 silly reify ]
147 verbose reify failed optional dependency /Users/laerciorios/Projects/personal/cv-generator/node_modules/@unrs/resolver-binding-win32-x64-msvc
148 silly reify mark deleted [
148 silly reify   '/Users/laerciorios/Projects/personal/cv-generator/node_modules/@unrs/resolver-binding-win32-x64-msvc'
148 silly reify ]
149 verbose reify failed optional dependency /Users/laerciorios/Projects/personal/cv-generator/node_modules/@unrs/resolver-binding-win32-ia32-msvc
150 silly reify mark deleted [
150 silly reify   '/Users/laerciorios/Projects/personal/cv-generator/node_modules/@unrs/resolver-binding-win32-ia32-msvc'
150 silly reify ]
151 verbose reify failed optional dependency /Users/laerciorios/Projects/personal/cv-generator/node_modules/@unrs/resolver-binding-win32-arm64-msvc
152 silly reify mark deleted [
152 silly reify   '/Users/laerciorios/Projects/personal/cv-generator/node_modules/@unrs/resolver-binding-win32-arm64-msvc'
152 silly reify ]
153 verbose reify failed optional dependency /Users/laerciorios/Projects/personal/cv-generator/node_modules/@unrs/resolver-binding-wasm32-wasi
154 silly reify mark deleted [
154 silly reify   '/Users/laerciorios/Projects/personal/cv-generator/node_modules/@unrs/resolver-binding-wasm32-wasi'
154 silly reify ]
155 verbose reify failed optional dependency /Users/laerciorios/Projects/personal/cv-generator/node_modules/@unrs/resolver-binding-linux-x64-musl
156 silly reify mark deleted [
156 silly reify   '/Users/laerciorios/Projects/personal/cv-generator/node_modules/@unrs/resolver-binding-linux-x64-musl'
156 silly reify ]
157 verbose reify failed optional dependency /Users/laerciorios/Projects/personal/cv-generator/node_modules/@unrs/resolver-binding-linux-x64-gnu
158 silly reify mark deleted [
158 silly reify   '/Users/laerciorios/Projects/personal/cv-generator/node_modules/@unrs/resolver-binding-linux-x64-gnu'
158 silly reify ]
159 verbose reify failed optional dependency /Users/laerciorios/Projects/personal/cv-generator/node_modules/@unrs/resolver-binding-linux-s390x-gnu
160 silly reify mark deleted [
160 silly reify   '/Users/laerciorios/Projects/personal/cv-generator/node_modules/@unrs/resolver-binding-linux-s390x-gnu'
160 silly reify ]
161 verbose reify failed optional dependency /Users/laerciorios/Projects/personal/cv-generator/node_modules/@unrs/resolver-binding-linux-riscv64-musl
162 silly reify mark deleted [
162 silly reify   '/Users/laerciorios/Projects/personal/cv-generator/node_modules/@unrs/resolver-binding-linux-riscv64-musl'
162 silly reify ]
163 verbose reify failed optional dependency /Users/laerciorios/Projects/personal/cv-generator/node_modules/@unrs/resolver-binding-linux-riscv64-gnu
164 silly reify mark deleted [
164 silly reify   '/Users/laerciorios/Projects/personal/cv-generator/node_modules/@unrs/resolver-binding-linux-riscv64-gnu'
164 silly reify ]
165 verbose reify failed optional dependency /Users/laerciorios/Projects/personal/cv-generator/node_modules/@unrs/resolver-binding-linux-ppc64-gnu
166 silly reify mark deleted [
166 silly reify   '/Users/laerciorios/Projects/personal/cv-generator/node_modules/@unrs/resolver-binding-linux-ppc64-gnu'
166 silly reify ]
167 verbose reify failed optional dependency /Users/laerciorios/Projects/personal/cv-generator/node_modules/@unrs/resolver-binding-linux-arm64-musl
168 silly reify mark deleted [
168 silly reify   '/Users/laerciorios/Projects/personal/cv-generator/node_modules/@unrs/resolver-binding-linux-arm64-musl'
168 silly reify ]
169 verbose reify failed optional dependency /Users/laerciorios/Projects/personal/cv-generator/node_modules/@unrs/resolver-binding-linux-arm64-gnu
170 silly reify mark deleted [
170 silly reify   '/Users/laerciorios/Projects/personal/cv-generator/node_modules/@unrs/resolver-binding-linux-arm64-gnu'
170 silly reify ]
171 verbose reify failed optional dependency /Users/laerciorios/Projects/personal/cv-generator/node_modules/@unrs/resolver-binding-linux-arm-musleabihf
172 silly reify mark deleted [
172 silly reify   '/Users/laerciorios/Projects/personal/cv-generator/node_modules/@unrs/resolver-binding-linux-arm-musleabihf'
172 silly reify ]
173 verbose reify failed optional dependency /Users/laerciorios/Projects/personal/cv-generator/node_modules/@unrs/resolver-binding-linux-arm-gnueabihf
174 silly reify mark deleted [
174 silly reify   '/Users/laerciorios/Projects/personal/cv-generator/node_modules/@unrs/resolver-binding-linux-arm-gnueabihf'
174 silly reify ]
175 verbose reify failed optional dependency /Users/laerciorios/Projects/personal/cv-generator/node_modules/@unrs/resolver-binding-freebsd-x64
176 silly reify mark deleted [
176 silly reify   '/Users/laerciorios/Projects/personal/cv-generator/node_modules/@unrs/resolver-binding-freebsd-x64'
176 silly reify ]
177 verbose reify failed optional dependency /Users/laerciorios/Projects/personal/cv-generator/node_modules/@unrs/resolver-binding-darwin-x64
178 silly reify mark deleted [
178 silly reify   '/Users/laerciorios/Projects/personal/cv-generator/node_modules/@unrs/resolver-binding-darwin-x64'
178 silly reify ]
179 verbose reify failed optional dependency /Users/laerciorios/Projects/personal/cv-generator/node_modules/@unrs/resolver-binding-android-arm64
180 silly reify mark deleted [
180 silly reify   '/Users/laerciorios/Projects/personal/cv-generator/node_modules/@unrs/resolver-binding-android-arm64'
180 silly reify ]
181 verbose reify failed optional dependency /Users/laerciorios/Projects/personal/cv-generator/node_modules/@unrs/resolver-binding-android-arm-eabi
182 silly reify mark deleted [
182 silly reify   '/Users/laerciorios/Projects/personal/cv-generator/node_modules/@unrs/resolver-binding-android-arm-eabi'
182 silly reify ]
183 verbose reify failed optional dependency /Users/laerciorios/Projects/personal/cv-generator/node_modules/@tailwindcss/oxide-win32-x64-msvc
184 silly reify mark deleted [
184 silly reify   '/Users/laerciorios/Projects/personal/cv-generator/node_modules/@tailwindcss/oxide-win32-x64-msvc'
184 silly reify ]
185 verbose reify failed optional dependency /Users/laerciorios/Projects/personal/cv-generator/node_modules/@tailwindcss/oxide-win32-arm64-msvc
186 silly reify mark deleted [
186 silly reify   '/Users/laerciorios/Projects/personal/cv-generator/node_modules/@tailwindcss/oxide-win32-arm64-msvc'
186 silly reify ]
187 verbose reify failed optional dependency /Users/laerciorios/Projects/personal/cv-generator/node_modules/@tailwindcss/oxide-linux-x64-musl
188 silly reify mark deleted [
188 silly reify   '/Users/laerciorios/Projects/personal/cv-generator/node_modules/@tailwindcss/oxide-linux-x64-musl'
188 silly reify ]
189 verbose reify failed optional dependency /Users/laerciorios/Projects/personal/cv-generator/node_modules/@tailwindcss/oxide-linux-x64-gnu
190 silly reify mark deleted [
190 silly reify   '/Users/laerciorios/Projects/personal/cv-generator/node_modules/@tailwindcss/oxide-linux-x64-gnu'
190 silly reify ]
191 verbose reify failed optional dependency /Users/laerciorios/Projects/personal/cv-generator/node_modules/@tailwindcss/oxide-linux-arm64-musl
192 silly reify mark deleted [
192 silly reify   '/Users/laerciorios/Projects/personal/cv-generator/node_modules/@tailwindcss/oxide-linux-arm64-musl'
192 silly reify ]
193 verbose reify failed optional dependency /Users/laerciorios/Projects/personal/cv-generator/node_modules/@tailwindcss/oxide-linux-arm64-gnu
194 silly reify mark deleted [
194 silly reify   '/Users/laerciorios/Projects/personal/cv-generator/node_modules/@tailwindcss/oxide-linux-arm64-gnu'
194 silly reify ]
195 verbose reify failed optional dependency /Users/laerciorios/Projects/personal/cv-generator/node_modules/@tailwindcss/oxide-linux-arm-gnueabihf
196 silly reify mark deleted [
196 silly reify   '/Users/laerciorios/Projects/personal/cv-generator/node_modules/@tailwindcss/oxide-linux-arm-gnueabihf'
196 silly reify ]
197 verbose reify failed optional dependency /Users/laerciorios/Projects/personal/cv-generator/node_modules/@tailwindcss/oxide-freebsd-x64
198 silly reify mark deleted [
198 silly reify   '/Users/laerciorios/Projects/personal/cv-generator/node_modules/@tailwindcss/oxide-freebsd-x64'
198 silly reify ]
199 verbose reify failed optional dependency /Users/laerciorios/Projects/personal/cv-generator/node_modules/@tailwindcss/oxide-darwin-x64
200 silly reify mark deleted [
200 silly reify   '/Users/laerciorios/Projects/personal/cv-generator/node_modules/@tailwindcss/oxide-darwin-x64'
200 silly reify ]
201 verbose reify failed optional dependency /Users/laerciorios/Projects/personal/cv-generator/node_modules/@tailwindcss/oxide-android-arm64
202 silly reify mark deleted [
202 silly reify   '/Users/laerciorios/Projects/personal/cv-generator/node_modules/@tailwindcss/oxide-android-arm64'
202 silly reify ]
203 verbose reify failed optional dependency /Users/laerciorios/Projects/personal/cv-generator/node_modules/@swc/core-win32-x64-msvc
204 silly reify mark deleted [
204 silly reify   '/Users/laerciorios/Projects/personal/cv-generator/node_modules/@swc/core-win32-x64-msvc'
204 silly reify ]
205 verbose reify failed optional dependency /Users/laerciorios/Projects/personal/cv-generator/node_modules/@swc/core-win32-ia32-msvc
206 silly reify mark deleted [
206 silly reify   '/Users/laerciorios/Projects/personal/cv-generator/node_modules/@swc/core-win32-ia32-msvc'
206 silly reify ]
207 verbose reify failed optional dependency /Users/laerciorios/Projects/personal/cv-generator/node_modules/@swc/core-win32-arm64-msvc
208 silly reify mark deleted [
208 silly reify   '/Users/laerciorios/Projects/personal/cv-generator/node_modules/@swc/core-win32-arm64-msvc'
208 silly reify ]
209 verbose reify failed optional dependency /Users/laerciorios/Projects/personal/cv-generator/node_modules/@swc/core-linux-x64-musl
210 silly reify mark deleted [
210 silly reify   '/Users/laerciorios/Projects/personal/cv-generator/node_modules/@swc/core-linux-x64-musl'
210 silly reify ]
211 verbose reify failed optional dependency /Users/laerciorios/Projects/personal/cv-generator/node_modules/@swc/core-linux-x64-gnu
212 silly reify mark deleted [
212 silly reify   '/Users/laerciorios/Projects/personal/cv-generator/node_modules/@swc/core-linux-x64-gnu'
212 silly reify ]
213 verbose reify failed optional dependency /Users/laerciorios/Projects/personal/cv-generator/node_modules/@swc/core-linux-arm64-musl
214 silly reify mark deleted [
214 silly reify   '/Users/laerciorios/Projects/personal/cv-generator/node_modules/@swc/core-linux-arm64-musl'
214 silly reify ]
215 verbose reify failed optional dependency /Users/laerciorios/Projects/personal/cv-generator/node_modules/@swc/core-linux-arm64-gnu
216 silly reify mark deleted [
216 silly reify   '/Users/laerciorios/Projects/personal/cv-generator/node_modules/@swc/core-linux-arm64-gnu'
216 silly reify ]
217 verbose reify failed optional dependency /Users/laerciorios/Projects/personal/cv-generator/node_modules/@swc/core-linux-arm-gnueabihf
218 silly reify mark deleted [
218 silly reify   '/Users/laerciorios/Projects/personal/cv-generator/node_modules/@swc/core-linux-arm-gnueabihf'
218 silly reify ]
219 verbose reify failed optional dependency /Users/laerciorios/Projects/personal/cv-generator/node_modules/@swc/core-darwin-x64
220 silly reify mark deleted [
220 silly reify   '/Users/laerciorios/Projects/personal/cv-generator/node_modules/@swc/core-darwin-x64'
220 silly reify ]
221 verbose reify failed optional dependency /Users/laerciorios/Projects/personal/cv-generator/node_modules/@parcel/watcher-win32-x64
222 silly reify mark deleted [
222 silly reify   '/Users/laerciorios/Projects/personal/cv-generator/node_modules/@parcel/watcher-win32-x64'
222 silly reify ]
223 verbose reify failed optional dependency /Users/laerciorios/Projects/personal/cv-generator/node_modules/@parcel/watcher-win32-ia32
224 silly reify mark deleted [
224 silly reify   '/Users/laerciorios/Projects/personal/cv-generator/node_modules/@parcel/watcher-win32-ia32'
224 silly reify ]
225 verbose reify failed optional dependency /Users/laerciorios/Projects/personal/cv-generator/node_modules/@parcel/watcher-win32-arm64
226 silly reify mark deleted [
226 silly reify   '/Users/laerciorios/Projects/personal/cv-generator/node_modules/@parcel/watcher-win32-arm64'
226 silly reify ]
227 verbose reify failed optional dependency /Users/laerciorios/Projects/personal/cv-generator/node_modules/@parcel/watcher-linux-x64-musl
228 silly reify mark deleted [
228 silly reify   '/Users/laerciorios/Projects/personal/cv-generator/node_modules/@parcel/watcher-linux-x64-musl'
228 silly reify ]
229 verbose reify failed optional dependency /Users/laerciorios/Projects/personal/cv-generator/node_modules/@parcel/watcher-linux-x64-glibc
230 silly reify mark deleted [
230 silly reify   '/Users/laerciorios/Projects/personal/cv-generator/node_modules/@parcel/watcher-linux-x64-glibc'
230 silly reify ]
231 verbose reify failed optional dependency /Users/laerciorios/Projects/personal/cv-generator/node_modules/@parcel/watcher-linux-arm64-musl
232 silly reify mark deleted [
232 silly reify   '/Users/laerciorios/Projects/personal/cv-generator/node_modules/@parcel/watcher-linux-arm64-musl'
232 silly reify ]
233 verbose reify failed optional dependency /Users/laerciorios/Projects/personal/cv-generator/node_modules/@parcel/watcher-linux-arm64-glibc
234 silly reify mark deleted [
234 silly reify   '/Users/laerciorios/Projects/personal/cv-generator/node_modules/@parcel/watcher-linux-arm64-glibc'
234 silly reify ]
235 verbose reify failed optional dependency /Users/laerciorios/Projects/personal/cv-generator/node_modules/@parcel/watcher-linux-arm-musl
236 silly reify mark deleted [
236 silly reify   '/Users/laerciorios/Projects/personal/cv-generator/node_modules/@parcel/watcher-linux-arm-musl'
236 silly reify ]
237 verbose reify failed optional dependency /Users/laerciorios/Projects/personal/cv-generator/node_modules/@parcel/watcher-linux-arm-glibc
238 silly reify mark deleted [
238 silly reify   '/Users/laerciorios/Projects/personal/cv-generator/node_modules/@parcel/watcher-linux-arm-glibc'
238 silly reify ]
239 verbose reify failed optional dependency /Users/laerciorios/Projects/personal/cv-generator/node_modules/@parcel/watcher-freebsd-x64
240 silly reify mark deleted [
240 silly reify   '/Users/laerciorios/Projects/personal/cv-generator/node_modules/@parcel/watcher-freebsd-x64'
240 silly reify ]
241 verbose reify failed optional dependency /Users/laerciorios/Projects/personal/cv-generator/node_modules/@parcel/watcher-darwin-x64
242 silly reify mark deleted [
242 silly reify   '/Users/laerciorios/Projects/personal/cv-generator/node_modules/@parcel/watcher-darwin-x64'
242 silly reify ]
243 verbose reify failed optional dependency /Users/laerciorios/Projects/personal/cv-generator/node_modules/@parcel/watcher-android-arm64
244 silly reify mark deleted [
244 silly reify   '/Users/laerciorios/Projects/personal/cv-generator/node_modules/@parcel/watcher-android-arm64'
244 silly reify ]
245 verbose reify failed optional dependency /Users/laerciorios/Projects/personal/cv-generator/node_modules/@next/swc-win32-x64-msvc
246 silly reify mark deleted [
246 silly reify   '/Users/laerciorios/Projects/personal/cv-generator/node_modules/@next/swc-win32-x64-msvc'
246 silly reify ]
247 verbose reify failed optional dependency /Users/laerciorios/Projects/personal/cv-generator/node_modules/@next/swc-win32-arm64-msvc
248 silly reify mark deleted [
248 silly reify   '/Users/laerciorios/Projects/personal/cv-generator/node_modules/@next/swc-win32-arm64-msvc'
248 silly reify ]
249 verbose reify failed optional dependency /Users/laerciorios/Projects/personal/cv-generator/node_modules/@next/swc-linux-x64-musl
250 silly reify mark deleted [
250 silly reify   '/Users/laerciorios/Projects/personal/cv-generator/node_modules/@next/swc-linux-x64-musl'
250 silly reify ]
251 verbose reify failed optional dependency /Users/laerciorios/Projects/personal/cv-generator/node_modules/@next/swc-linux-x64-gnu
252 silly reify mark deleted [
252 silly reify   '/Users/laerciorios/Projects/personal/cv-generator/node_modules/@next/swc-linux-x64-gnu'
252 silly reify ]
253 verbose reify failed optional dependency /Users/laerciorios/Projects/personal/cv-generator/node_modules/@next/swc-linux-arm64-musl
254 silly reify mark deleted [
254 silly reify   '/Users/laerciorios/Projects/personal/cv-generator/node_modules/@next/swc-linux-arm64-musl'
254 silly reify ]
255 verbose reify failed optional dependency /Users/laerciorios/Projects/personal/cv-generator/node_modules/@next/swc-linux-arm64-gnu
256 silly reify mark deleted [
256 silly reify   '/Users/laerciorios/Projects/personal/cv-generator/node_modules/@next/swc-linux-arm64-gnu'
256 silly reify ]
257 verbose reify failed optional dependency /Users/laerciorios/Projects/personal/cv-generator/node_modules/@next/swc-darwin-x64
258 silly reify mark deleted [
258 silly reify   '/Users/laerciorios/Projects/personal/cv-generator/node_modules/@next/swc-darwin-x64'
258 silly reify ]
259 verbose reify failed optional dependency /Users/laerciorios/Projects/personal/cv-generator/node_modules/@img/sharp-win32-x64
260 silly reify mark deleted [
260 silly reify   '/Users/laerciorios/Projects/personal/cv-generator/node_modules/@img/sharp-win32-x64'
260 silly reify ]
261 verbose reify failed optional dependency /Users/laerciorios/Projects/personal/cv-generator/node_modules/@img/sharp-win32-ia32
262 silly reify mark deleted [
262 silly reify   '/Users/laerciorios/Projects/personal/cv-generator/node_modules/@img/sharp-win32-ia32'
262 silly reify ]
263 verbose reify failed optional dependency /Users/laerciorios/Projects/personal/cv-generator/node_modules/@img/sharp-win32-arm64
264 silly reify mark deleted [
264 silly reify   '/Users/laerciorios/Projects/personal/cv-generator/node_modules/@img/sharp-win32-arm64'
264 silly reify ]
265 verbose reify failed optional dependency /Users/laerciorios/Projects/personal/cv-generator/node_modules/@img/sharp-wasm32
266 silly reify mark deleted [
266 silly reify   '/Users/laerciorios/Projects/personal/cv-generator/node_modules/@img/sharp-wasm32'
266 silly reify ]
267 verbose reify failed optional dependency /Users/laerciorios/Projects/personal/cv-generator/node_modules/@img/sharp-linuxmusl-x64
268 silly reify mark deleted [
268 silly reify   '/Users/laerciorios/Projects/personal/cv-generator/node_modules/@img/sharp-linuxmusl-x64'
268 silly reify ]
269 verbose reify failed optional dependency /Users/laerciorios/Projects/personal/cv-generator/node_modules/@img/sharp-linuxmusl-arm64
270 silly reify mark deleted [
270 silly reify   '/Users/laerciorios/Projects/personal/cv-generator/node_modules/@img/sharp-linuxmusl-arm64'
270 silly reify ]
271 verbose reify failed optional dependency /Users/laerciorios/Projects/personal/cv-generator/node_modules/@img/sharp-linux-x64
272 silly reify mark deleted [
272 silly reify   '/Users/laerciorios/Projects/personal/cv-generator/node_modules/@img/sharp-linux-x64'
272 silly reify ]
273 verbose reify failed optional dependency /Users/laerciorios/Projects/personal/cv-generator/node_modules/@img/sharp-linux-s390x
274 silly reify mark deleted [
274 silly reify   '/Users/laerciorios/Projects/personal/cv-generator/node_modules/@img/sharp-linux-s390x'
274 silly reify ]
275 verbose reify failed optional dependency /Users/laerciorios/Projects/personal/cv-generator/node_modules/@img/sharp-linux-riscv64
276 silly reify mark deleted [
276 silly reify   '/Users/laerciorios/Projects/personal/cv-generator/node_modules/@img/sharp-linux-riscv64'
276 silly reify ]
277 verbose reify failed optional dependency /Users/laerciorios/Projects/personal/cv-generator/node_modules/@img/sharp-linux-ppc64
278 silly reify mark deleted [
278 silly reify   '/Users/laerciorios/Projects/personal/cv-generator/node_modules/@img/sharp-linux-ppc64'
278 silly reify ]
279 verbose reify failed optional dependency /Users/laerciorios/Projects/personal/cv-generator/node_modules/@img/sharp-linux-arm64
280 silly reify mark deleted [
280 silly reify   '/Users/laerciorios/Projects/personal/cv-generator/node_modules/@img/sharp-linux-arm64'
280 silly reify ]
281 verbose reify failed optional dependency /Users/laerciorios/Projects/personal/cv-generator/node_modules/@img/sharp-linux-arm
282 silly reify mark deleted [
282 silly reify   '/Users/laerciorios/Projects/personal/cv-generator/node_modules/@img/sharp-linux-arm'
282 silly reify ]
283 verbose reify failed optional dependency /Users/laerciorios/Projects/personal/cv-generator/node_modules/@img/sharp-libvips-linuxmusl-x64
284 silly reify mark deleted [
284 silly reify   '/Users/laerciorios/Projects/personal/cv-generator/node_modules/@img/sharp-libvips-linuxmusl-x64'
284 silly reify ]
285 verbose reify failed optional dependency /Users/laerciorios/Projects/personal/cv-generator/node_modules/@img/sharp-libvips-linuxmusl-arm64
286 silly reify mark deleted [
286 silly reify   '/Users/laerciorios/Projects/personal/cv-generator/node_modules/@img/sharp-libvips-linuxmusl-arm64'
286 silly reify ]
287 verbose reify failed optional dependency /Users/laerciorios/Projects/personal/cv-generator/node_modules/@img/sharp-libvips-linux-x64
288 silly reify mark deleted [
288 silly reify   '/Users/laerciorios/Projects/personal/cv-generator/node_modules/@img/sharp-libvips-linux-x64'
288 silly reify ]
289 verbose reify failed optional dependency /Users/laerciorios/Projects/personal/cv-generator/node_modules/@img/sharp-libvips-linux-s390x
290 silly reify mark deleted [
290 silly reify   '/Users/laerciorios/Projects/personal/cv-generator/node_modules/@img/sharp-libvips-linux-s390x'
290 silly reify ]
291 verbose reify failed optional dependency /Users/laerciorios/Projects/personal/cv-generator/node_modules/@img/sharp-libvips-linux-riscv64
292 silly reify mark deleted [
292 silly reify   '/Users/laerciorios/Projects/personal/cv-generator/node_modules/@img/sharp-libvips-linux-riscv64'
292 silly reify ]
293 verbose reify failed optional dependency /Users/laerciorios/Projects/personal/cv-generator/node_modules/@img/sharp-libvips-linux-ppc64
294 silly reify mark deleted [
294 silly reify   '/Users/laerciorios/Projects/personal/cv-generator/node_modules/@img/sharp-libvips-linux-ppc64'
294 silly reify ]
295 verbose reify failed optional dependency /Users/laerciorios/Projects/personal/cv-generator/node_modules/@img/sharp-libvips-linux-arm64
296 silly reify mark deleted [
296 silly reify   '/Users/laerciorios/Projects/personal/cv-generator/node_modules/@img/sharp-libvips-linux-arm64'
296 silly reify ]
297 verbose reify failed optional dependency /Users/laerciorios/Projects/personal/cv-generator/node_modules/@img/sharp-libvips-linux-arm
298 silly reify mark deleted [
298 silly reify   '/Users/laerciorios/Projects/personal/cv-generator/node_modules/@img/sharp-libvips-linux-arm'
298 silly reify ]
299 verbose reify failed optional dependency /Users/laerciorios/Projects/personal/cv-generator/node_modules/@img/sharp-libvips-darwin-x64
300 silly reify mark deleted [
300 silly reify   '/Users/laerciorios/Projects/personal/cv-generator/node_modules/@img/sharp-libvips-darwin-x64'
300 silly reify ]
301 verbose reify failed optional dependency /Users/laerciorios/Projects/personal/cv-generator/node_modules/@img/sharp-darwin-x64
302 silly reify mark deleted [
302 silly reify   '/Users/laerciorios/Projects/personal/cv-generator/node_modules/@img/sharp-darwin-x64'
302 silly reify ]
303 http cache @types/pdfkit@https://registry.npmjs.org/@types/pdfkit/-/pdfkit-0.17.5.tgz 0ms (cache hit)
304 http cache prettier-plugin-tailwindcss@https://registry.npmjs.org/prettier-plugin-tailwindcss/-/prettier-plugin-tailwindcss-0.7.2.tgz 0ms (cache hit)
305 silly tarball no local data for @types/pdfkit@https://registry.npmjs.org/@types/pdfkit/-/pdfkit-0.17.5.tgz. Extracting by manifest.
306 silly tarball no local data for prettier-plugin-tailwindcss@https://registry.npmjs.org/prettier-plugin-tailwindcss/-/prettier-plugin-tailwindcss-0.7.2.tgz. Extracting by manifest.
307 http cache @types/pdfmake@https://registry.npmjs.org/@types/pdfmake/-/pdfmake-0.3.2.tgz 0ms (cache hit)
308 http cache prettier@https://registry.npmjs.org/prettier/-/prettier-3.8.1.tgz 0ms (cache hit)
309 silly tarball no local data for @types/pdfmake@https://registry.npmjs.org/@types/pdfmake/-/pdfmake-0.3.2.tgz. Extracting by manifest.
310 silly tarball no local data for prettier@https://registry.npmjs.org/prettier/-/prettier-3.8.1.tgz. Extracting by manifest.
311 http fetch GET 200 https://registry.npmjs.org/@types/pdfkit/-/pdfkit-0.17.5.tgz 75ms (cache miss)
312 http fetch GET 200 https://registry.npmjs.org/@types/pdfmake/-/pdfmake-0.3.2.tgz 193ms (cache miss)
313 http fetch POST 200 https://registry.npmjs.org/-/npm/v1/security/advisories/bulk 253ms
314 silly audit report {}
315 http fetch GET 200 https://registry.npmjs.org/prettier-plugin-tailwindcss/-/prettier-plugin-tailwindcss-0.7.2.tgz 326ms (cache miss)
316 http fetch GET 200 https://registry.npmjs.org/prettier/-/prettier-3.8.1.tgz 365ms (cache miss)
317 silly ADD node_modules/@types/pdfkit
318 silly ADD node_modules/prettier-plugin-tailwindcss
319 silly ADD node_modules/prettier
320 silly ADD node_modules/@types/pdfmake
321 silly ADD
322 silly ADD
323 silly ADD
324 silly ADD
325 silly ADD
326 silly ADD
327 silly ADD
328 silly ADD
329 silly ADD
330 silly ADD
331 silly ADD
332 silly ADD
333 silly ADD
334 silly ADD
335 silly ADD
336 silly ADD
337 silly ADD
338 silly ADD
339 silly ADD
340 silly ADD
341 silly ADD
342 silly ADD
343 silly ADD
344 silly ADD
345 silly ADD
346 silly ADD
347 silly ADD
348 silly ADD
349 silly ADD
350 silly ADD
351 silly ADD
352 silly ADD
353 silly ADD
354 silly ADD
355 silly ADD
356 silly ADD
357 silly ADD
358 silly ADD
359 silly ADD
360 silly ADD
361 silly ADD
362 silly ADD
363 silly ADD
364 silly ADD
365 silly ADD
366 silly ADD
367 silly ADD
368 silly ADD
369 silly ADD
370 silly ADD
371 silly ADD
372 silly ADD
373 silly ADD
374 silly ADD
375 silly ADD
376 silly ADD
377 silly ADD
378 silly ADD
379 silly ADD
380 silly ADD
381 silly ADD
382 silly ADD
383 silly ADD
384 silly ADD
385 silly ADD
386 silly ADD
387 silly ADD
388 silly ADD
389 silly ADD
390 silly ADD
391 silly ADD
392 silly ADD
393 silly ADD
394 silly ADD
395 silly ADD
396 silly ADD
397 silly ADD
398 silly ADD
399 silly ADD
400 silly ADD
401 silly ADD
402 silly ADD
403 silly ADD
404 silly ADD
405 silly ADD
406 silly ADD
407 silly ADD
408 silly ADD
409 silly ADD
410 verbose cwd /Users/laerciorios/Projects/personal/cv-generator
411 verbose os Darwin 25.3.0
412 verbose node v22.22.1
413 verbose npm  v10.9.4
414 notice
414 notice New [31mmajor[39m version of npm available! [31m10.9.4[39m -> [34m11.11.1[39m
414 notice Changelog: [34mhttps://github.com/npm/cli/releases/tag/v11.11.1[39m
414 notice To update run: [4mnpm install -g npm@11.11.1[24m
414 notice  { force: true, [Symbol(proc-log.meta)]: true }
415 verbose exit 0
416 info ok
